#
# There is insufficient memory for the Java Runtime Environment to continue.
# Native memory allocation (malloc) failed to allocate 131088 bytes for Chunk::new
# Possible reasons:
#   The system is out of physical RAM or swap space
#   The process is running with CompressedOops enabled, and the Java Heap may be blocking the growth of the native heap
# Possible solutions:
#   Reduce memory load on the system
#   Increase physical memory or swap space
#   Check if swap backing store is full
#   Decrease Java heap size (-Xmx/-Xms)
#   Decrease number of Java threads
#   Decrease Java thread stack sizes (-Xss)
#   Set larger code cache with -XX:ReservedCodeCacheSize=
#   JVM is running with Unscaled Compressed Oops mode in which the Java heap is
#     placed in the first 4GB address space. The Java Heap base address is the
#     maximum limit for the native heap growth. Please use -XX:HeapBaseMinAddress
#     to set the Java Heap base and to place the Java Heap above 4GB virtual address.
# This output file may be truncated or incomplete.
#
#  Out of Memory Error (allocation.cpp:389), pid=21128, tid=0x00000000000045d8
#
# JRE version: OpenJDK Runtime Environment (8.0_212-b04) (build 1.8.0_212-release-1586-b04)
# Java VM: OpenJDK 64-Bit Server VM (25.212-b04 mixed mode windows-amd64 compressed oops)
# Failed to write core dump. Minidumps are not enabled by default on client versions of Windows
#

---------------  T H R E A D  ---------------

Current thread (0x0000000018993800):  JavaThread "C2 CompilerThread1" daemon [_thread_in_native, id=17880, stack(0x0000000019360000,0x0000000019460000)]

Stack: [0x0000000019360000,0x0000000019460000]
[error occurred during error reporting (printing stack bounds), id 0xc0000005]

Native frames: (J=compiled Java code, j=interpreted, Vv=VM code, C=native code)


Current CompileTask:
C2:  14607 5143       4       sun.reflect.generics.parser.SignatureParser::parsePackageNameAndSimpleClassTypeSignature (139 bytes)


---------------  P R O C E S S  ---------------

Java Threads: ( => current thread )
  0x000000001b934000 JavaThread "Cache worker for file content cache (C:\Users\sudha\AndroidStudioProjects\materialDesign\.gradle\5.6.4\fileContent)" [_thread_blocked, id=9432, stack(0x00000000248c0000,0x00000000249c0000)]
  0x000000001b938000 JavaThread "Cache worker for file content cache (C:\Users\sudha\.gradle\caches\5.6.4\fileContent)" [_thread_blocked, id=23892, stack(0x00000000247c0000,0x00000000248c0000)]
  0x000000001b931000 JavaThread "Memory manager" [_thread_blocked, id=19904, stack(0x0000000022ee0000,0x0000000022fe0000)]
  0x000000001b929800 JavaThread "Cache worker for Build Output Cleanup Cache (C:\Users\sudha\AndroidStudioProjects\materialDesign\.gradle\buildOutputCleanup)" [_thread_blocked, id=22636, stack(0x0000000022be0000,0x0000000022ce0000)]
  0x000000001b929000 JavaThread "Build operations Thread 8" [_thread_blocked, id=10068, stack(0x00000000228e0000,0x00000000229e0000)]
  0x000000001b92f800 JavaThread "Build operations Thread 7" [_thread_blocked, id=14220, stack(0x00000000227e0000,0x00000000228e0000)]
  0x000000001b92e000 JavaThread "Build operations Thread 6" [_thread_blocked, id=3492, stack(0x00000000226e0000,0x00000000227e0000)]
  0x000000001b92c000 JavaThread "Build operations Thread 5" [_thread_blocked, id=6376, stack(0x00000000225e0000,0x00000000226e0000)]
  0x000000001b92d800 JavaThread "Build operations Thread 4" [_thread_blocked, id=1044, stack(0x00000000224e0000,0x00000000225e0000)]
  0x000000001b92b000 JavaThread "Build operations Thread 3" [_thread_blocked, id=25940, stack(0x00000000223e0000,0x00000000224e0000)]
  0x000000001b92c800 JavaThread "Build operations Thread 2" [_thread_blocked, id=23860, stack(0x00000000222e0000,0x00000000223e0000)]
  0x000000001b92f000 JavaThread "Build operations" [_thread_blocked, id=19312, stack(0x0000000021a70000,0x0000000021b70000)]
  0x000000001b92a800 JavaThread "Cache worker for execution history cache (C:\Users\sudha\.gradle\caches\5.6.4\executionHistory)" [_thread_blocked, id=1284, stack(0x0000000021b80000,0x0000000021c80000)]
  0x0000000019a99000 JavaThread "Cache worker for cache directory md-rule (C:\Users\sudha\.gradle\caches\5.6.4\md-rule)" [_thread_blocked, id=18224, stack(0x000000001fed0000,0x000000001ffd0000)]
  0x0000000019a98800 JavaThread "Cache worker for cache directory md-supplier (C:\Users\sudha\.gradle\caches\5.6.4\md-supplier)" [_thread_blocked, id=19384, stack(0x000000001fc20000,0x000000001fd20000)]
  0x0000000019a9a800 JavaThread "Cache worker for file hash cache (C:\Users\sudha\AndroidStudioProjects\materialDesign\.gradle\5.6.4\fileHashes)" [_thread_blocked, id=11952, stack(0x000000001fdd0000,0x000000001fed0000)]
  0x0000000019a9b800 JavaThread "Cache worker for journal cache (C:\Users\sudha\.gradle\caches\journal-1)" [_thread_blocked, id=21072, stack(0x000000001d580000,0x000000001d680000)]
  0x0000000019a9a000 JavaThread "File lock request listener" [_thread_in_native, id=11992, stack(0x000000001d480000,0x000000001d580000)]
  0x0000000019a9d800 JavaThread "Cache worker for file hash cache (C:\Users\sudha\.gradle\caches\5.6.4\fileHashes)" [_thread_blocked, id=19868, stack(0x000000001d380000,0x000000001d480000)]
  0x000000001b445000 JavaThread "Thread-9" [_thread_blocked, id=23560, stack(0x000000001d280000,0x000000001d380000)]
  0x000000001b434800 JavaThread "Stdin handler" [_thread_blocked, id=25548, stack(0x000000001d180000,0x000000001d280000)]
  0x000000001b431800 JavaThread "Asynchronous log dispatcher for DefaultDaemonConnection: socket connection from /127.0.0.1:63338 to /127.0.0.1:63339" [_thread_blocked, id=7836, stack(0x000000001cf80000,0x000000001d080000)]
  0x000000001b3d4800 JavaThread "Daemon worker" [_thread_in_Java, id=23572, stack(0x000000001ce80000,0x000000001cf80000)]
  0x000000001b3d3800 JavaThread "Cancel handler" [_thread_blocked, id=18188, stack(0x000000001cd80000,0x000000001ce80000)]
  0x000000001b326000 JavaThread "Handler for socket connection from /127.0.0.1:63338 to /127.0.0.1:63339" [_thread_in_native, id=11460, stack(0x000000001ca80000,0x000000001cb80000)]
  0x000000001b314800 JavaThread "Daemon" [_thread_blocked, id=9236, stack(0x000000001c980000,0x000000001ca80000)]
  0x000000001b396800 JavaThread "Daemon periodic checks" [_thread_blocked, id=25976, stack(0x000000001c880000,0x000000001c980000)]
  0x0000000019913000 JavaThread "Incoming local TCP Connector on port 63338" [_thread_in_native, id=15784, stack(0x000000001c640000,0x000000001c740000)]
  0x0000000018d1d000 JavaThread "Daemon health stats" [_thread_blocked, id=1840, stack(0x000000001c000000,0x000000001c100000)]
  0x0000000018a20800 JavaThread "Service Thread" daemon [_thread_blocked, id=22040, stack(0x0000000019660000,0x0000000019760000)]
  0x00000000189bb000 JavaThread "C1 CompilerThread3" daemon [_thread_in_vm, id=15636, stack(0x0000000019560000,0x0000000019660000)]
  0x0000000016b7e000 JavaThread "C2 CompilerThread2" daemon [_thread_in_native, id=25500, stack(0x0000000019460000,0x0000000019560000)]
=>0x0000000018993800 JavaThread "C2 CompilerThread1" daemon [_thread_in_native, id=17880, stack(0x0000000019360000,0x0000000019460000)]
  0x0000000018990800 JavaThread "C2 CompilerThread0" daemon [_thread_blocked, id=7560, stack(0x0000000019260000,0x0000000019360000)]
  0x000000001898b800 JavaThread "Attach Listener" daemon [_thread_blocked, id=26052, stack(0x0000000019160000,0x0000000019260000)]
  0x0000000018996000 JavaThread "Signal Dispatcher" daemon [_thread_blocked, id=23876, stack(0x0000000019060000,0x0000000019160000)]
  0x0000000002dae000 JavaThread "Finalizer" daemon [_thread_blocked, id=14164, stack(0x0000000018e60000,0x0000000018f60000)]
  0x0000000002da5000 JavaThread "Reference Handler" daemon [_thread_blocked, id=20324, stack(0x0000000018d60000,0x0000000018e60000)]
  0x0000000002cae000 JavaThread "main" [_thread_blocked, id=25972, stack(0x0000000002b20000,0x0000000002c20000)]

Other Threads:
  0x0000000016b68000 VMThread [stack: 0x0000000018860000,0x0000000018960000] [id=6452]
  0x0000000018a21000 WatcherThread [stack: 0x0000000019760000,0x0000000019860000] [id=24952]

VM state:not at safepoint (normal execution)

VM Mutex/Monitor currently owned by a thread: None

heap address: 0x00000000a0000000, size: 1536 MB, Compressed Oops mode: 32-bit
Narrow klass base: 0x0000000000000000, Narrow klass shift: 3
Compressed class space size: 1073741824 Address: 0x0000000100000000

Heap:
 PSYoungGen      total 146432K, used 134627K [0x00000000e0000000, 0x00000000ea600000, 0x0000000100000000)
  eden space 134144K, 91% used [0x00000000e0000000,0x00000000e777f3b0,0x00000000e8300000)
  from space 12288K, 99% used [0x00000000e9a00000,0x00000000ea5f9a90,0x00000000ea600000)
  to   space 14848K, 0% used [0x00000000e8900000,0x00000000e8900000,0x00000000e9780000)
 ParOldGen       total 91648K, used 19588K [0x00000000a0000000, 0x00000000a5980000, 0x00000000e0000000)
  object space 91648K, 21% used [0x00000000a0000000,0x00000000a1321038,0x00000000a5980000)
 Metaspace       used 55445K, capacity 57084K, committed 57216K, reserved 1097728K
  class space    used 7640K, capacity 8045K, committed 8064K, reserved 1048576K

Card table byte_map: [0x0000000012170000,0x0000000012480000] byte_map_base: 0x0000000011c70000

Marking Bits: (ParMarkBitMap*) 0x0000000056739f30
 Begin Bits: [0x0000000012e80000, 0x0000000014680000)
 End Bits:   [0x0000000014680000, 0x0000000015e80000)

Polling page: 0x00000000009f0000

CodeCache: size=245760Kb used=16662Kb max_used=16668Kb free=229097Kb
 bounds [0x0000000002db0000, 0x0000000003e10000, 0x0000000011db0000]
 total_blobs=5583 nmethods=4804 adapters=692
 compilation: enabled

Compilation events (10 events):
Event: 14.603 Thread 0x00000000189bb000 5178       3       org.gradle.internal.reflect.annotations.impl.DefaultTypeAnnotationMetadataStore$PropertyAnnotationMetadataBuilder::<init> (41 bytes)
Event: 14.603 Thread 0x0000000018990800 nmethod 5174% 0x0000000003dfe3d0 code [0x0000000003dfe580, 0x0000000003dfed48]
Event: 14.603 Thread 0x00000000189bb000 nmethod 5178 0x0000000003dfcc10 code [0x0000000003dfce60, 0x0000000003dfda28]
Event: 14.603 Thread 0x00000000189bb000 5184       3       com.google.common.collect.CompactHashSet$1::hasNext (13 bytes)
Event: 14.604 Thread 0x00000000189bb000 nmethod 5184 0x0000000003df5210 code [0x0000000003df5360, 0x0000000003df5510]
Event: 14.604 Thread 0x00000000189bb000 5185       1       org.gradle.internal.reflect.annotations.impl.DefaultTypeAnnotationMetadata::getPropertiesAnnotationMetadata (5 bytes)
Event: 14.604 Thread 0x00000000189bb000 nmethod 5185 0x0000000003def950 code [0x0000000003defaa0, 0x0000000003defbb0]
Event: 14.604 Thread 0x00000000189bb000 5186       3       org.gradle.api.internal.attributes.DefaultMutableAttributeContainer::asImmutable (51 bytes)
Event: 14.604 Thread 0x0000000016b7e000 5187       4       com.google.common.collect.ImmutableMap$Builder::ensureCapacity (39 bytes)
Event: 14.604 Thread 0x00000000189bb000 nmethod 5186 0x0000000003df4ad0 code [0x0000000003df4c60, 0x0000000003df50a8]

GC Heap History (10 events):
Event: 4.413 GC heap before
{Heap before GC invocations=8 (full 1):
 PSYoungGen      total 76800K, used 66048K [0x00000000e0000000, 0x00000000e5700000, 0x0000000100000000)
  eden space 66048K, 100% used [0x00000000e0000000,0x00000000e4080000,0x00000000e4080000)
  from space 10752K, 0% used [0x00000000e4b80000,0x00000000e4b80000,0x00000000e5600000)
  to   space 11264K, 0% used [0x00000000e4080000,0x00000000e4080000,0x00000000e4b80000)
 ParOldGen       total 59904K, used 9280K [0x00000000a0000000, 0x00000000a3a80000, 0x00000000e0000000)
  object space 59904K, 15% used [0x00000000a0000000,0x00000000a0910318,0x00000000a3a80000)
 Metaspace       used 29028K, capacity 29548K, committed 29952K, reserved 1075200K
  class space    used 3913K, capacity 4067K, committed 4096K, reserved 1048576K
Event: 4.421 GC heap after
Heap after GC invocations=8 (full 1):
 PSYoungGen      total 77312K, used 8268K [0x00000000e0000000, 0x00000000e7d80000, 0x0000000100000000)
  eden space 66048K, 0% used [0x00000000e0000000,0x00000000e0000000,0x00000000e4080000)
  from space 11264K, 73% used [0x00000000e4080000,0x00000000e4893038,0x00000000e4b80000)
  to   space 11264K, 0% used [0x00000000e7280000,0x00000000e7280000,0x00000000e7d80000)
 ParOldGen       total 59904K, used 9288K [0x00000000a0000000, 0x00000000a3a80000, 0x00000000e0000000)
  object space 59904K, 15% used [0x00000000a0000000,0x00000000a0912318,0x00000000a3a80000)
 Metaspace       used 29028K, capacity 29548K, committed 29952K, reserved 1075200K
  class space    used 3913K, capacity 4067K, committed 4096K, reserved 1048576K
}
Event: 5.115 GC heap before
{Heap before GC invocations=9 (full 1):
 PSYoungGen      total 77312K, used 74316K [0x00000000e0000000, 0x00000000e7d80000, 0x0000000100000000)
  eden space 66048K, 100% used [0x00000000e0000000,0x00000000e4080000,0x00000000e4080000)
  from space 11264K, 73% used [0x00000000e4080000,0x00000000e4893038,0x00000000e4b80000)
  to   space 11264K, 0% used [0x00000000e7280000,0x00000000e7280000,0x00000000e7d80000)
 ParOldGen       total 59904K, used 9288K [0x00000000a0000000, 0x00000000a3a80000, 0x00000000e0000000)
  object space 59904K, 15% used [0x00000000a0000000,0x00000000a0912318,0x00000000a3a80000)
 Metaspace       used 32004K, capacity 32516K, committed 32768K, reserved 1077248K
  class space    used 4390K, capacity 4587K, committed 4608K, reserved 1048576K
Event: 5.128 GC heap after
Heap after GC invocations=9 (full 1):
 PSYoungGen      total 116736K, used 8400K [0x00000000e0000000, 0x00000000e8000000, 0x0000000100000000)
  eden space 105472K, 0% used [0x00000000e0000000,0x00000000e0000000,0x00000000e6700000)
  from space 11264K, 74% used [0x00000000e7280000,0x00000000e7ab4060,0x00000000e7d80000)
  to   space 11776K, 0% used [0x00000000e6700000,0x00000000e6700000,0x00000000e7280000)
 ParOldGen       total 59904K, used 9296K [0x00000000a0000000, 0x00000000a3a80000, 0x00000000e0000000)
  object space 59904K, 15% used [0x00000000a0000000,0x00000000a0914318,0x00000000a3a80000)
 Metaspace       used 32004K, capacity 32516K, committed 32768K, reserved 1077248K
  class space    used 4390K, capacity 4587K, committed 4608K, reserved 1048576K
}
Event: 5.892 GC heap before
{Heap before GC invocations=10 (full 1):
 PSYoungGen      total 116736K, used 71695K [0x00000000e0000000, 0x00000000e8000000, 0x0000000100000000)
  eden space 105472K, 60% used [0x00000000e0000000,0x00000000e3dcfea8,0x00000000e6700000)
  from space 11264K, 74% used [0x00000000e7280000,0x00000000e7ab4060,0x00000000e7d80000)
  to   space 11776K, 0% used [0x00000000e6700000,0x00000000e6700000,0x00000000e7280000)
 ParOldGen       total 59904K, used 9296K [0x00000000a0000000, 0x00000000a3a80000, 0x00000000e0000000)
  object space 59904K, 15% used [0x00000000a0000000,0x00000000a0914318,0x00000000a3a80000)
 Metaspace       used 34562K, capacity 35396K, committed 35456K, reserved 1079296K
  class space    used 4751K, capacity 4967K, committed 4992K, reserved 1048576K
Event: 5.902 GC heap after
Heap after GC invocations=10 (full 1):
 PSYoungGen      total 117248K, used 10081K [0x00000000e0000000, 0x00000000ea600000, 0x0000000100000000)
  eden space 105472K, 0% used [0x00000000e0000000,0x00000000e0000000,0x00000000e6700000)
  from space 11776K, 85% used [0x00000000e6700000,0x00000000e70d85f0,0x00000000e7280000)
  to   space 12288K, 0% used [0x00000000e9a00000,0x00000000e9a00000,0x00000000ea600000)
 ParOldGen       total 59904K, used 9304K [0x00000000a0000000, 0x00000000a3a80000, 0x00000000e0000000)
  object space 59904K, 15% used [0x00000000a0000000,0x00000000a0916318,0x00000000a3a80000)
 Metaspace       used 34562K, capacity 35396K, committed 35456K, reserved 1079296K
  class space    used 4751K, capacity 4967K, committed 4992K, reserved 1048576K
}
Event: 5.902 GC heap before
{Heap before GC invocations=11 (full 2):
 PSYoungGen      total 117248K, used 10081K [0x00000000e0000000, 0x00000000ea600000, 0x0000000100000000)
  eden space 105472K, 0% used [0x00000000e0000000,0x00000000e0000000,0x00000000e6700000)
  from space 11776K, 85% used [0x00000000e6700000,0x00000000e70d85f0,0x00000000e7280000)
  to   space 12288K, 0% used [0x00000000e9a00000,0x00000000e9a00000,0x00000000ea600000)
 ParOldGen       total 59904K, used 9304K [0x00000000a0000000, 0x00000000a3a80000, 0x00000000e0000000)
  object space 59904K, 15% used [0x00000000a0000000,0x00000000a0916318,0x00000000a3a80000)
 Metaspace       used 34562K, capacity 35396K, committed 35456K, reserved 1079296K
  class space    used 4751K, capacity 4967K, committed 4992K, reserved 1048576K
Event: 5.955 GC heap after
Heap after GC invocations=11 (full 2):
 PSYoungGen      total 117248K, used 0K [0x00000000e0000000, 0x00000000ea600000, 0x0000000100000000)
  eden space 105472K, 0% used [0x00000000e0000000,0x00000000e0000000,0x00000000e6700000)
  from space 11776K, 0% used [0x00000000e6700000,0x00000000e6700000,0x00000000e7280000)
  to   space 12288K, 0% used [0x00000000e9a00000,0x00000000e9a00000,0x00000000ea600000)
 ParOldGen       total 91648K, used 16901K [0x00000000a0000000, 0x00000000a5980000, 0x00000000e0000000)
  object space 91648K, 18% used [0x00000000a0000000,0x00000000a1081638,0x00000000a5980000)
 Metaspace       used 34539K, capacity 35318K, committed 35456K, reserved 1079296K
  class space    used 4744K, capacity 4954K, committed 4992K, reserved 1048576K
}
Event: 8.164 GC heap before
{Heap before GC invocations=12 (full 2):
 PSYoungGen      total 117248K, used 105472K [0x00000000e0000000, 0x00000000ea600000, 0x0000000100000000)
  eden space 105472K, 100% used [0x00000000e0000000,0x00000000e6700000,0x00000000e6700000)
  from space 11776K, 0% used [0x00000000e6700000,0x00000000e6700000,0x00000000e7280000)
  to   space 12288K, 0% used [0x00000000e9a00000,0x00000000e9a00000,0x00000000ea600000)
 ParOldGen       total 91648K, used 16901K [0x00000000a0000000, 0x00000000a5980000, 0x00000000e0000000)
  object space 91648K, 18% used [0x00000000a0000000,0x00000000a1081638,0x00000000a5980000)
 Metaspace       used 45109K, capacity 46232K, committed 46336K, reserved 1089536K
  class space    used 6061K, capacity 6362K, committed 6400K, reserved 1048576K
Event: 8.183 GC heap after
Heap after GC invocations=12 (full 2):
 PSYoungGen      total 146432K, used 12262K [0x00000000e0000000, 0x00000000ea600000, 0x0000000100000000)
  eden space 134144K, 0% used [0x00000000e0000000,0x00000000e0000000,0x00000000e8300000)
  from space 12288K, 99% used [0x00000000e9a00000,0x00000000ea5f9a90,0x00000000ea600000)
  to   space 14848K, 0% used [0x00000000e8900000,0x00000000e8900000,0x00000000e9780000)
 ParOldGen       total 91648K, used 19588K [0x00000000a0000000, 0x00000000a5980000, 0x00000000e0000000)
  object space 91648K, 21% used [0x00000000a0000000,0x00000000a1321038,0x00000000a5980000)
 Metaspace       used 45109K, capacity 46232K, committed 46336K, reserved 1089536K
  class space    used 6061K, capacity 6362K, committed 6400K, reserved 1048576K
}

Deoptimization events (10 events):
Event: 13.295 Thread 0x000000001b3d4800 Uncommon trap: reason=unstable_if action=reinterpret pc=0x0000000003691eac method=java.util.HashMap.putVal(ILjava/lang/Object;Ljava/lang/Object;ZZ)Ljava/lang/Object; @ 109
Event: 13.715 Thread 0x000000001b3d4800 Uncommon trap: reason=bimorphic action=maybe_recompile pc=0x00000000032b5cc4 method=java.util.regex.Pattern$5.isSatisfiedBy(I)Z @ 16
Event: 13.715 Thread 0x000000001b3d4800 Uncommon trap: reason=bimorphic action=maybe_recompile pc=0x00000000032b5cc4 method=java.util.regex.Pattern$5.isSatisfiedBy(I)Z @ 16
Event: 13.716 Thread 0x000000001b3d4800 Uncommon trap: reason=bimorphic action=maybe_recompile pc=0x00000000032b5cc4 method=java.util.regex.Pattern$5.isSatisfiedBy(I)Z @ 16
Event: 13.717 Thread 0x000000001b3d4800 Uncommon trap: reason=bimorphic action=maybe_recompile pc=0x00000000032b5cc4 method=java.util.regex.Pattern$5.isSatisfiedBy(I)Z @ 16
Event: 14.396 Thread 0x000000001b3d4800 Uncommon trap: reason=unstable_if action=reinterpret pc=0x00000000032c8040 method=java.util.regex.Pattern$BmpCharProperty.match(Ljava/util/regex/Matcher;ILjava/lang/CharSequence;)Z @ 34
Event: 14.396 Thread 0x000000001b3d4800 Uncommon trap: reason=unstable_if action=reinterpret pc=0x00000000033649a8 method=java.util.regex.Pattern$BmpCharProperty.match(Ljava/util/regex/Matcher;ILjava/lang/CharSequence;)Z @ 34
Event: 14.408 Thread 0x000000001b3d4800 Uncommon trap: reason=unstable_if action=reinterpret pc=0x0000000002f98b30 method=com.sun.org.apache.xerces.internal.impl.XMLEntityScanner.scanLiteral(ILcom/sun/org/apache/xerces/internal/xni/XMLString;Z)I @ 660
Event: 14.568 Thread 0x000000001b3d4800 Uncommon trap: reason=unstable_if action=reinterpret pc=0x00000000035d0474 method=java.lang.String.lastIndexOf([CII[CIII)I @ 118
Event: 14.583 Thread 0x000000001b3d4800 Uncommon trap: reason=predicate action=maybe_recompile pc=0x0000000003debe78 method=java.util.AbstractCollection.toArray([Ljava/lang/Object;)[Ljava/lang/Object; @ 49

Classes redefined (0 events):
No events

Internal exceptions (10 events):
Event: 11.138 Thread 0x000000001b3d4800 Exception <a 'java/lang/ClassNotFoundException': org/gradle/api/plugins/internal/DefaultBasePluginConventionCustomizer> (0x00000000e29d9860) thrown at [D:\src\AOSP-openjdk-cygwin\jdk8u\hotspot\src\share\vm\classfile\systemDictionary.cpp, line 210]
Event: 11.202 Thread 0x000000001b3d4800 Exception <a 'java/lang/NoSuchMethodError': java.lang.Object.lambda$comparingInt$7b0bb60$1(Ljava/util/function/ToIntFunction;Ljava/lang/Object;Ljava/lang/Object;)I> (0x00000000e2a60570) thrown at [D:\src\AOSP-openjdk-cygwin\jdk8u\hotspot\src\share\vm\inte
Event: 12.934 Thread 0x000000001b3d4800 Exception <a 'java/lang/ClassNotFoundException': com/android/build/gradle/internal/api/ApkVariantOutputImpl_DecoratedBeanInfo> (0x00000000e3a8e260) thrown at [D:\src\AOSP-openjdk-cygwin\jdk8u\hotspot\src\share\vm\classfile\systemDictionary.cpp, line 210]
Event: 12.935 Thread 0x000000001b3d4800 Exception <a 'java/lang/ClassNotFoundException': com/android/build/gradle/internal/api/ApkVariantOutputImplBeanInfo> (0x00000000e3aaa118) thrown at [D:\src\AOSP-openjdk-cygwin\jdk8u\hotspot\src\share\vm\classfile\systemDictionary.cpp, line 210]
Event: 12.935 Thread 0x000000001b3d4800 Exception <a 'java/lang/ClassNotFoundException': com/android/build/gradle/internal/api/BaseVariantOutputImplBeanInfo> (0x00000000e3ac72a0) thrown at [D:\src\AOSP-openjdk-cygwin\jdk8u\hotspot\src\share\vm\classfile\systemDictionary.cpp, line 210]
Event: 12.937 Thread 0x000000001b3d4800 Exception <a 'java/lang/ClassNotFoundException': com/android/build/gradle/internal/api/BaseVariantOutputImplCustomizer> (0x00000000e3ae4940) thrown at [D:\src\AOSP-openjdk-cygwin\jdk8u\hotspot\src\share\vm\classfile\systemDictionary.cpp, line 210]
Event: 12.938 Thread 0x000000001b3d4800 Exception <a 'java/lang/ClassNotFoundException': com/android/build/gradle/internal/api/ApkVariantOutputImplCustomizer> (0x00000000e3b1bc50) thrown at [D:\src\AOSP-openjdk-cygwin\jdk8u\hotspot\src\share\vm\classfile\systemDictionary.cpp, line 210]
Event: 12.940 Thread 0x000000001b3d4800 Exception <a 'java/lang/ClassNotFoundException': com/android/build/gradle/internal/api/ApkVariantOutputImpl_DecoratedCustomizer> (0x00000000e3b4e360) thrown at [D:\src\AOSP-openjdk-cygwin\jdk8u\hotspot\src\share\vm\classfile\systemDictionary.cpp, line 210
Event: 13.775 Thread 0x000000001b3d4800 Exception <a 'java/lang/ClassNotFoundException': com/sun/org/glassfish/hk2/osgiresourcelocator/ServiceLoader> (0x00000000e5427f58) thrown at [D:\src\AOSP-openjdk-cygwin\jdk8u\hotspot\src\share\vm\classfile\systemDictionary.cpp, line 210]
Event: 13.857 Thread 0x000000001b3d4800 Exception <a 'java/lang/NullPointerException'> (0x00000000e58f0b38) thrown at [D:\src\AOSP-openjdk-cygwin\jdk8u\hotspot\src\share\vm\interpreter\linkResolver.cpp, line 1287]

Events (10 events):
Event: 14.604 loading class com/android/build/gradle/internal/core/GradleVariantConfiguration
Event: 14.604 loading class com/android/build/gradle/internal/core/GradleVariantConfiguration done
Event: 14.604 loading class com/android/build/gradle/internal/core/GradleVariantConfiguration
Event: 14.604 loading class com/android/build/gradle/internal/core/GradleVariantConfiguration done
Event: 14.604 loading class org/gradle/api/internal/provider/MapCollectors$EntriesFromMapProvider
Event: 14.604 loading class org/gradle/api/internal/provider/MapCollectors$EntriesFromMapProvider done
Event: 14.605 loading class com/android/build/gradle/internal/core/GradleVariantConfiguration
Event: 14.605 loading class com/android/build/gradle/internal/core/GradleVariantConfiguration done
Event: 14.605 loading class com/android/build/gradle/internal/core/GradleVariantConfiguration
Event: 14.605 loading class com/android/build/gradle/internal/core/GradleVariantConfiguration done


Dynamic libraries:
0x00007ff666900000 - 0x00007ff666931000 	C:\Program Files\Android\Android Studio\jre\bin\java.exe
0x00007fffeb220000 - 0x00007fffeb410000 	C:\WINDOWS\SYSTEM32\ntdll.dll
0x00007fffea6b0000 - 0x00007fffea762000 	C:\WINDOWS\System32\KERNEL32.DLL
0x00007fffe8a80000 - 0x00007fffe8d23000 	C:\WINDOWS\System32\KERNELBASE.dll
0x00007fffe9420000 - 0x00007fffe94c3000 	C:\WINDOWS\System32\ADVAPI32.dll
0x00007fffea410000 - 0x00007fffea4ae000 	C:\WINDOWS\System32\msvcrt.dll
0x00007fffe94d0000 - 0x00007fffe9567000 	C:\WINDOWS\System32\sechost.dll
0x00007fffe9300000 - 0x00007fffe9420000 	C:\WINDOWS\System32\RPCRT4.dll
0x00007fffeaaf0000 - 0x00007fffeac84000 	C:\WINDOWS\System32\USER32.dll
0x00007fffe82b0000 - 0x00007fffe82d1000 	C:\WINDOWS\System32\win32u.dll
0x00007fffe92d0000 - 0x00007fffe92f6000 	C:\WINDOWS\System32\GDI32.dll
0x00007fffe9060000 - 0x00007fffe91f4000 	C:\WINDOWS\System32\gdi32full.dll
0x00007fffe9200000 - 0x00007fffe929e000 	C:\WINDOWS\System32\msvcp_win.dll
0x00007fffe8d30000 - 0x00007fffe8e2a000 	C:\WINDOWS\System32\ucrtbase.dll
0x00007fffc43d0000 - 0x00007fffc4655000 	C:\WINDOWS\WinSxS\amd64_microsoft.windows.common-controls_6595b64144ccf1df_6.0.18362.720_none_e6beb5c51314836b\COMCTL32.dll
0x00007fffe98a0000 - 0x00007fffe9bd6000 	C:\WINDOWS\System32\combase.dll
0x00007fffe8fe0000 - 0x00007fffe9060000 	C:\WINDOWS\System32\bcryptPrimitives.dll
0x00007fffeaa50000 - 0x00007fffeaa7e000 	C:\WINDOWS\System32\IMM32.DLL
0x0000000055e90000 - 0x0000000055f62000 	C:\Program Files\Android\Android Studio\jre\jre\bin\msvcr100.dll
0x0000000055f70000 - 0x00000000567b6000 	C:\Program Files\Android\Android Studio\jre\jre\bin\server\jvm.dll
0x00007fffeac90000 - 0x00007fffeac98000 	C:\WINDOWS\System32\PSAPI.DLL
0x00007fffdda70000 - 0x00007fffdda94000 	C:\WINDOWS\SYSTEM32\WINMM.dll
0x00007fffdff20000 - 0x00007fffdff2a000 	C:\WINDOWS\SYSTEM32\VERSION.dll
0x00007fffd86f0000 - 0x00007fffd86f9000 	C:\WINDOWS\SYSTEM32\WSOCK32.dll
0x00007fffdda40000 - 0x00007fffdda6d000 	C:\WINDOWS\SYSTEM32\WINMMBASE.dll
0x00007fffe81b0000 - 0x00007fffe81fa000 	C:\WINDOWS\System32\cfgmgr32.dll
0x00007fffea4e0000 - 0x00007fffea54f000 	C:\WINDOWS\System32\ws2_32.DLL
0x00007fffdeda0000 - 0x00007fffdedaf000 	C:\Program Files\Android\Android Studio\jre\jre\bin\verify.dll
0x00007fffd18b0000 - 0x00007fffd18d9000 	C:\Program Files\Android\Android Studio\jre\jre\bin\java.dll
0x00007fffda7e0000 - 0x00007fffda7f6000 	C:\Program Files\Android\Android Studio\jre\jre\bin\zip.dll
0x00007fffe9c40000 - 0x00007fffea325000 	C:\WINDOWS\System32\SHELL32.dll
0x00007fffe9570000 - 0x00007fffe9619000 	C:\WINDOWS\System32\shcore.dll
0x00007fffe82e0000 - 0x00007fffe8a60000 	C:\WINDOWS\System32\windows.storage.dll
0x00007fffe8110000 - 0x00007fffe8133000 	C:\WINDOWS\System32\profapi.dll
0x00007fffe8160000 - 0x00007fffe81aa000 	C:\WINDOWS\System32\powrprof.dll
0x00007fffe80e0000 - 0x00007fffe80f0000 	C:\WINDOWS\System32\UMPDC.dll
0x00007fffe9be0000 - 0x00007fffe9c32000 	C:\WINDOWS\System32\shlwapi.dll
0x00007fffe80f0000 - 0x00007fffe8101000 	C:\WINDOWS\System32\kernel.appcore.dll
0x00007fffe8a60000 - 0x00007fffe8a77000 	C:\WINDOWS\System32\cryptsp.dll
0x00007fffd1890000 - 0x00007fffd18aa000 	C:\Program Files\Android\Android Studio\jre\jre\bin\net.dll
0x00007fffd5dc0000 - 0x00007fffd5f95000 	C:\WINDOWS\SYSTEM32\urlmon.dll
0x00007fffd5570000 - 0x00007fffd5816000 	C:\WINDOWS\SYSTEM32\iertutil.dll
0x00007fffe7b20000 - 0x00007fffe7b2c000 	C:\WINDOWS\SYSTEM32\CRYPTBASE.DLL
0x00007fffe7950000 - 0x00007fffe79b7000 	C:\WINDOWS\system32\mswsock.dll
0x00007fffd1870000 - 0x00007fffd1883000 	C:\Program Files\Android\Android Studio\jre\jre\bin\nio.dll
0x00007fffe0d50000 - 0x00007fffe0d76000 	C:\Users\sudha\.gradle\native\30\windows-amd64\native-platform.dll
0x00007fffded60000 - 0x00007fffded6d000 	C:\Program Files\Android\Android Studio\jre\jre\bin\management.dll
0x00007fffe74c0000 - 0x00007fffe74f3000 	C:\WINDOWS\system32\rsaenh.dll
0x00007fffe92a0000 - 0x00007fffe92c6000 	C:\WINDOWS\System32\bcrypt.dll
0x00007fffe8000000 - 0x00007fffe8025000 	C:\WINDOWS\SYSTEM32\USERENV.dll
0x00007fffe7660000 - 0x00007fffe769a000 	C:\WINDOWS\SYSTEM32\IPHLPAPI.DLL
0x00007fffe9620000 - 0x00007fffe9628000 	C:\WINDOWS\System32\NSI.dll
0x00007fffdf1d0000 - 0x00007fffdf1e6000 	C:\WINDOWS\SYSTEM32\dhcpcsvc6.DLL
0x00007fffdf410000 - 0x00007fffdf42c000 	C:\WINDOWS\SYSTEM32\dhcpcsvc.DLL
0x00007fffe76a0000 - 0x00007fffe776a000 	C:\WINDOWS\SYSTEM32\DNSAPI.dll

VM Arguments:
jvm_args: -Xmx1536m -Dfile.encoding=windows-1252 -Duser.country=IN -Duser.language=en -Duser.variant 
java_command: org.gradle.launcher.daemon.bootstrap.GradleDaemon 5.6.4
java_class_path (initial): C:\Users\sudha\.gradle\wrapper\dists\gradle-5.6.4-all\ankdp27end7byghfw1q2sw75f\gradle-5.6.4\lib\gradle-launcher-5.6.4.jar
Launcher Type: SUN_STANDARD

Environment Variables:
JAVA_HOME=C:\Program Files\Java\jdk-12
PATH=C:\Program Files (x86)\Common Files\Oracle\Java\javapath;C:\Program Files (x86)\Intel\iCLS Client\;C:\Program Files\Intel\iCLS Client\;C:\Windows\system32;C:\Windows;C:\Windows\System32\Wbem;C:\Windows\System32\WindowsPowerShell\v1.0\;C:\Windows\System32\OpenSSH\;C:\Program Files (x86)\Intel\Intel(R) Management Engine Components\DAL;C:\Program Files\Intel\Intel(R) Management Engine Components\DAL;C:\Program Files (x86)\Intel\Intel(R) Management Engine Components\IPT;C:\Program Files\Intel\Intel(R) Management Engine Components\IPT;C:\Program Files (x86)\NVIDIA Corporation\PhysX\Common;C:\Program Files\Intel\WiFi\bin\;C:\Program Files\Common Files\Intel\WirelessCommon\;C:\Program Files\dotnet\;C:\Program Files\Microsoft SQL Server\130\Tools\Binn\;C:\Program Files\Java\jdk-12\bin;C:\WINDOWS\system32;C:\WINDOWS;C:\WINDOWS\System32\Wbem;C:\WINDOWS\System32\WindowsPowerShell\v1.0\;C:\WINDOWS\System32\OpenSSH\;C:\Program Files\Git\cmd;C:\Users\sudha\AppData\Local\Microsoft\WindowsApps;C:\Users\sudha\AppData\Local\Programs\Microsoft VS Code\bin;C:\Users\sudha\AppData\Local\GitHubDesktop\bin
USERNAME=sudha
OS=Windows_NT
PROCESSOR_IDENTIFIER=Intel64 Family 6 Model 142 Stepping 10, GenuineIntel



---------------  S Y S T E M  ---------------

OS: Windows 10.0 , 64 bit Build 18362 (10.0.18362.329)

CPU:total 8 (initial active 8) (4 cores per cpu, 2 threads per core) family 6 model 142 stepping 10, cmov, cx8, fxsr, mmx, sse, sse2, sse3, ssse3, sse4.1, sse4.2, popcnt, avx, avx2, aes, clmul, erms, 3dnowpref, lzcnt, ht, tsc, tscinvbit, bmi1, bmi2, adx

Memory: 4k page, physical 8272440k(396960k free), swap 33438264k(844k free)

vm_info: OpenJDK 64-Bit Server VM (25.212-b04) for windows-amd64 JRE (1.8.0_212-release-1586-b04), built by "builder" with MS VC++ 10.0 (VS2010)

time: Tue Mar 31 20:08:54 2020
timezone: India Standard Time
elapsed time: 14 seconds (0d 0h 0m 14s)

